<?xml version="1.0" encoding="UTF-8" ?>
<testsuite tests="2" failures="2" name="com.itheima.stock.TestPasswordEncoder" time="0.002" errors="0" skipped="0">
  <properties>
    <property name="idea.version" value="2022.1.3"/>
    <property name="java.runtime.name" value="OpenJDK Runtime Environment"/>
    <property name="sun.boot.library.path" value="D:\Java\jdk8\jre\bin"/>
    <property name="java.vm.version" value="25.412-b08"/>
    <property name="java.vm.vendor" value="Amazon.com Inc."/>
    <property name="maven.multiModuleProjectDirectory" value="E:\web\stock_parent"/>
    <property name="java.vendor.url" value="https://aws.amazon.com/corretto/"/>
    <property name="path.separator" value=";"/>
    <property name="guice.disable.misplaced.annotation.check" value="true"/>
    <property name="java.vm.name" value="OpenJDK 64-Bit Server VM"/>
    <property name="file.encoding.pkg" value="sun.io"/>
    <property name="user.script" value=""/>
    <property name="user.country" value="CN"/>
    <property name="sun.java.launcher" value="SUN_STANDARD"/>
    <property name="sun.os.patch.level" value=""/>
    <property name="java.vm.specification.name" value="Java Virtual Machine Specification"/>
    <property name="user.dir" value="E:\web\stock_parent"/>
    <property name="java.runtime.version" value="1.8.0_412-b08"/>
    <property name="java.awt.graphicsenv" value="sun.awt.Win32GraphicsEnvironment"/>
    <property name="java.endorsed.dirs" value="D:\Java\jdk8\jre\lib\endorsed"/>
    <property name="os.arch" value="amd64"/>
    <property name="java.io.tmpdir" value="C:\Users\x\AppData\Local\Temp\"/>
    <property name="line.separator" value="
"/>
    <property name="java.vm.specification.vendor" value="Oracle Corporation"/>
    <property name="user.variant" value=""/>
    <property name="os.name" value="Windows 10"/>
    <property name="maven.ext.class.path" value="D:\Java\idea\IntelliJ IDEA 2022.1.3\plugins\maven\lib\maven-event-listener.jar"/>
    <property name="classworlds.conf" value="D:\Java\apache-maven-3.6.1\bin\m2.conf"/>
    <property name="sun.jnu.encoding" value="GBK"/>
    <property name="java.library.path" value="D:\Java\jdk8\bin;C:\Windows\Sun\Java\bin;C:\Windows\system32;C:\Windows;D:\Java\JDK\bin;C:\Program Files\Common Files\Oracle\Java\javapath;C:\Windows\system32;C:\Windows;C:\Windows\System32\Wbem;C:\Windows\System32\WindowsPowerShell\v1.0\;C:\Windows\System32\OpenSSH\;C:\Program Files\NVIDIA Corporation\NVIDIA NvDLISR;D:\gongju\Bandizip\;D:\Java\apache-maven-3.6.1\bin;D:\Java\Git\cmd;D:\tengxun\微信web开发者工具\dll;C:\Users\x\AppData\Roaming\npm;%NVM_HOME%;%NVM_SYMLINK%;C:\Users\x\AppData\Local\Microsoft\WindowsApps;D:\Java\Microsoft VS Code\bin;C:\Users\x\AppData\Roaming\npm;C:\Users\x\AppData\Roaming\nvm;C:\Program Files\nodejs;."/>
    <property name="maven.conf" value="D:\Java\apache-maven-3.6.1/conf"/>
    <property name="java.specification.name" value="Java Platform API Specification"/>
    <property name="java.class.version" value="52.0"/>
    <property name="sun.management.compiler" value="HotSpot 64-Bit Tiered Compilers"/>
    <property name="os.version" value="10.0"/>
    <property name="user.home" value="C:\Users\x"/>
    <property name="user.timezone" value="Asia/Shanghai"/>
    <property name="java.awt.printerjob" value="sun.awt.windows.WPrinterJob"/>
    <property name="java.specification.version" value="1.8"/>
    <property name="file.encoding" value="UTF-8"/>
    <property name="user.name" value="x"/>
    <property name="java.class.path" value="D:\Java\apache-maven-3.6.1\boot\plexus-classworlds-2.6.0.jar;D:\Java\idea\IntelliJ IDEA 2022.1.3\lib\idea_rt.jar"/>
    <property name="java.vm.specification.version" value="1.8"/>
    <property name="sun.arch.data.model" value="64"/>
    <property name="java.home" value="D:\Java\jdk8\jre"/>
    <property name="sun.java.command" value="org.codehaus.classworlds.Launcher -Didea.version=2022.1.3 -s D:\Java\apache-maven-3.6.1\conf\settings.xml package"/>
    <property name="java.specification.vendor" value="Oracle Corporation"/>
    <property name="user.language" value="zh"/>
    <property name="awt.toolkit" value="sun.awt.windows.WToolkit"/>
    <property name="java.vm.info" value="mixed mode"/>
    <property name="java.version" value="1.8.0_412"/>
    <property name="java.ext.dirs" value="D:\Java\jdk8\jre\lib\ext;C:\Windows\Sun\Java\lib\ext"/>
    <property name="sun.boot.class.path" value="D:\Java\jdk8\jre\lib\resources.jar;D:\Java\jdk8\jre\lib\rt.jar;D:\Java\jdk8\jre\lib\sunrsasign.jar;D:\Java\jdk8\jre\lib\jsse.jar;D:\Java\jdk8\jre\lib\jce.jar;D:\Java\jdk8\jre\lib\charsets.jar;D:\Java\jdk8\jre\lib\jfr.jar;D:\Java\jdk8\jre\classes"/>
    <property name="java.vendor" value="Amazon.com Inc."/>
    <property name="java.specification.maintenance.version" value="5"/>
    <property name="maven.home" value="D:\Java\apache-maven-3.6.1"/>
    <property name="file.separator" value="\"/>
    <property name="java.vendor.url.bug" value="https://github.com/corretto/corretto-8/issues/"/>
    <property name="sun.cpu.endian" value="little"/>
    <property name="sun.io.unicode.encoding" value="UnicodeLittle"/>
    <property name="sun.desktop" value="windows"/>
    <property name="sun.cpu.isalist" value="amd64"/>
  </properties>
  <testcase classname="com.itheima.stock.TestPasswordEncoder" name="com.itheima.stock.TestPasswordEncoder.testDecode" time="0.002">
    <failure type="java.lang.NullPointerException">java.lang.NullPointerException
	at com.itheima.stock.TestPasswordEncoder.testDecode(TestPasswordEncoder.java:42)
</failure>
  </testcase>
  <testcase classname="com.itheima.stock.TestPasswordEncoder" name="com.itheima.stock.TestPasswordEncoder.testPasswordEncoder" time="0">
    <failure type="java.lang.NullPointerException">java.lang.NullPointerException
	at com.itheima.stock.TestPasswordEncoder.testPasswordEncoder(TestPasswordEncoder.java:27)
</failure>
  </testcase>
</testsuite>